<?xml version="1.0" encoding="UTF-8"?>
<!-- Generated by org.testng.reporters.JUnitXMLReporter -->
<testsuite ignored="0" hostname="LAPTOP-2CLB23D4" failures="0" tests="2" name="Default test" time="24.672" errors="0" timestamp="2023-01-13T12:43:35 IST">
  <testcase classname="computerDatabase.tc004_ComputerDatabase" name="navigatetoComputerDatabse" time="1.958"/>
  <testcase classname="computerDatabase.tc004_ComputerDatabase" name="verifyAddaNewComputer" time="9.909"/>
</testsuite> <!-- Default test -->
