<?xml version="1.0" encoding="UTF-8"?>
<testng-results ignored="0" total="2" passed="2" failed="0" skipped="0">
  <reporter-output>
  </reporter-output>
  <suite started-at="2023-01-13T12:43:10 IST" name="Default suite" finished-at="2023-01-13T12:43:35 IST" duration-ms="24672">
    <groups>
    </groups>
    <test started-at="2023-01-13T12:43:10 IST" name="Default test" finished-at="2023-01-13T12:43:35 IST" duration-ms="24672">
      <class name="computerDatabase.tc004_ComputerDatabase">
        <test-method is-config="true" signature="launchApp()[pri:0, instance:computerDatabase.tc004_ComputerDatabase@117159c0]" started-at="2023-01-13T12:43:10 IST" name="launchApp" finished-at="2023-01-13T12:43:18 IST" duration-ms="7645" status="PASS">
          <reporter-output>
          </reporter-output>
        </test-method> <!-- launchApp -->
        <test-method signature="navigatetoComputerDatabse()[pri:0, instance:computerDatabase.tc004_ComputerDatabase@117159c0]" started-at="2023-01-13T12:43:18 IST" name="navigatetoComputerDatabse" finished-at="2023-01-13T12:43:20 IST" duration-ms="1958" status="PASS">
          <reporter-output>
          </reporter-output>
        </test-method> <!-- navigatetoComputerDatabse -->
        <test-method signature="verifyAddaNewComputer()[pri:0, instance:computerDatabase.tc004_ComputerDatabase@117159c0]" started-at="2023-01-13T12:43:20 IST" name="verifyAddaNewComputer" finished-at="2023-01-13T12:43:30 IST" duration-ms="9909" status="PASS">
          <reporter-output>
          </reporter-output>
        </test-method> <!-- verifyAddaNewComputer -->
        <test-method is-config="true" signature="closeApp()[pri:0, instance:computerDatabase.tc004_ComputerDatabase@117159c0]" started-at="2023-01-13T12:43:30 IST" name="closeApp" finished-at="2023-01-13T12:43:35 IST" duration-ms="5099" status="PASS">
          <reporter-output>
          </reporter-output>
        </test-method> <!-- closeApp -->
      </class> <!-- computerDatabase.tc004_ComputerDatabase -->
    </test> <!-- Default test -->
  </suite> <!-- Default suite -->
</testng-results>
